This is pdfTeX, Version 3.1415926-2.5-1.40.14 (TeX Live 2013/Debian) (format=pdflatex 2016.8.6)  3 MAR 2017 00:50
entering extended mode
 restricted \write18 enabled.
 %&-line parsing enabled.
**a3-130010046.tex
(./a3-130010046.tex
LaTeX2e <2011/06/27>
Babel <3.9h> and hyphenation patterns for 2 languages loaded.
(/usr/share/texlive/texmf-dist/tex/latex/base/article.cls
Document Class: article 2007/10/19 v1.4h Standard LaTeX document class
(/usr/share/texlive/texmf-dist/tex/latex/base/size11.clo
File: size11.clo 2007/10/19 v1.4h Standard LaTeX file (size option)
)
\c@part=\count79
\c@section=\count80
\c@subsection=\count81
\c@subsubsection=\count82
\c@paragraph=\count83
\c@subparagraph=\count84
\c@figure=\count85
\c@table=\count86
\abovecaptionskip=\skip41
\belowcaptionskip=\skip42
\bibindent=\dimen102
)
(/usr/share/texlive/texmf-dist/tex/latex/preprint/authblk.sty
Package: authblk 2001/02/27 1.3 (PWD)
\affilsep=\skip43
\@affilsep=\skip44
\c@Maxaffil=\count87
\c@authors=\count88
\c@affil=\count89
)
(/usr/share/texlive/texmf-dist/tex/latex/etoolbox/etoolbox.sty
Package: etoolbox 2011/01/03 v2.1 e-TeX tools for LaTeX

(/usr/share/texlive/texmf-dist/tex/latex/etex-pkg/etex.sty
Package: etex 1998/03/26 v2.0 eTeX basic definition package (PEB)
\et@xins=\count90
)
\etb@tempcnta=\count91
)
(/usr/share/texmf/tex/latex/lm/lmodern.sty
Package: lmodern 2009/10/30 v1.6 Latin Modern Fonts
LaTeX Font Info:    Overwriting symbol font `operators' in version `normal'
(Font)                  OT1/cmr/m/n --> OT1/lmr/m/n on input line 22.
LaTeX Font Info:    Overwriting symbol font `letters' in version `normal'
(Font)                  OML/cmm/m/it --> OML/lmm/m/it on input line 23.
LaTeX Font Info:    Overwriting symbol font `symbols' in version `normal'
(Font)                  OMS/cmsy/m/n --> OMS/lmsy/m/n on input line 24.
LaTeX Font Info:    Overwriting symbol font `largesymbols' in version `normal'
(Font)                  OMX/cmex/m/n --> OMX/lmex/m/n on input line 25.
LaTeX Font Info:    Overwriting symbol font `operators' in version `bold'
(Font)                  OT1/cmr/bx/n --> OT1/lmr/bx/n on input line 26.
LaTeX Font Info:    Overwriting symbol font `letters' in version `bold'
(Font)                  OML/cmm/b/it --> OML/lmm/b/it on input line 27.
LaTeX Font Info:    Overwriting symbol font `symbols' in version `bold'
(Font)                  OMS/cmsy/b/n --> OMS/lmsy/b/n on input line 28.
LaTeX Font Info:    Overwriting symbol font `largesymbols' in version `bold'
(Font)                  OMX/cmex/m/n --> OMX/lmex/m/n on input line 29.
LaTeX Font Info:    Overwriting math alphabet `\mathbf' in version `normal'
(Font)                  OT1/cmr/bx/n --> OT1/lmr/bx/n on input line 31.
LaTeX Font Info:    Overwriting math alphabet `\mathsf' in version `normal'
(Font)                  OT1/cmss/m/n --> OT1/lmss/m/n on input line 32.
LaTeX Font Info:    Overwriting math alphabet `\mathit' in version `normal'
(Font)                  OT1/cmr/m/it --> OT1/lmr/m/it on input line 33.
LaTeX Font Info:    Overwriting math alphabet `\mathtt' in version `normal'
(Font)                  OT1/cmtt/m/n --> OT1/lmtt/m/n on input line 34.
LaTeX Font Info:    Overwriting math alphabet `\mathbf' in version `bold'
(Font)                  OT1/cmr/bx/n --> OT1/lmr/bx/n on input line 35.
LaTeX Font Info:    Overwriting math alphabet `\mathsf' in version `bold'
(Font)                  OT1/cmss/bx/n --> OT1/lmss/bx/n on input line 36.
LaTeX Font Info:    Overwriting math alphabet `\mathit' in version `bold'
(Font)                  OT1/cmr/bx/it --> OT1/lmr/bx/it on input line 37.
LaTeX Font Info:    Overwriting math alphabet `\mathtt' in version `bold'
(Font)                  OT1/cmtt/m/n --> OT1/lmtt/m/n on input line 38.
)
(/usr/share/texlive/texmf-dist/tex/latex/titlesec/titlesec.sty
Package: titlesec 2011/12/15 v2.10.0 Sectioning titles
\ttl@box=\box26
\beforetitleunit=\skip45
\aftertitleunit=\skip46
\ttl@plus=\dimen103
\ttl@minus=\dimen104
\ttl@toksa=\toks14
\titlewidth=\dimen105
\titlewidthlast=\dimen106
\titlewidthfirst=\dimen107
)
(/usr/share/texlive/texmf-dist/tex/latex/float/float.sty
Package: float 2001/11/08 v1.3d Float enhancements (AL)
\c@float@type=\count92
\float@exts=\toks15
\float@box=\box27
\@float@everytoks=\toks16
\@floatcapt=\box28
)
(/usr/share/texlive/texmf-dist/tex/latex/amsfonts/amsfonts.sty
Package: amsfonts 2013/01/14 v3.01 Basic AMSFonts support
\@emptytoks=\toks17
\symAMSa=\mathgroup4
\symAMSb=\mathgroup5
LaTeX Font Info:    Overwriting math alphabet `\mathfrak' in version `bold'
(Font)                  U/euf/m/n --> U/euf/b/n on input line 106.
)
(/usr/share/texlive/texmf-dist/tex/latex/hyperref/hyperref.sty
Package: hyperref 2012/11/06 v6.83m Hypertext links for LaTeX

(/usr/share/texlive/texmf-dist/tex/generic/oberdiek/hobsub-hyperref.sty
Package: hobsub-hyperref 2012/05/28 v1.13 Bundle oberdiek, subset hyperref (HO)


(/usr/share/texlive/texmf-dist/tex/generic/oberdiek/hobsub-generic.sty
Package: hobsub-generic 2012/05/28 v1.13 Bundle oberdiek, subset generic (HO)
Package: hobsub 2012/05/28 v1.13 Construct package bundles (HO)
Package: infwarerr 2010/04/08 v1.3 Providing info/warning/error messages (HO)
Package: ltxcmds 2011/11/09 v1.22 LaTeX kernel commands for general use (HO)
Package: ifluatex 2010/03/01 v1.3 Provides the ifluatex switch (HO)
Package ifluatex Info: LuaTeX not detected.
Package: ifvtex 2010/03/01 v1.5 Detect VTeX and its facilities (HO)
Package ifvtex Info: VTeX not detected.
Package: intcalc 2007/09/27 v1.1 Expandable calculations with integers (HO)
Package: ifpdf 2011/01/30 v2.3 Provides the ifpdf switch (HO)
Package ifpdf Info: pdfTeX in PDF mode is detected.
Package: etexcmds 2011/02/16 v1.5 Avoid name clashes with e-TeX commands (HO)
Package etexcmds Info: Could not find \expanded.
(etexcmds)             That can mean that you are not using pdfTeX 1.50 or
(etexcmds)             that some package has redefined \expanded.
(etexcmds)             In the latter case, load this package earlier.
Package: kvsetkeys 2012/04/25 v1.16 Key value parser (HO)
Package: kvdefinekeys 2011/04/07 v1.3 Define keys (HO)
Package: pdftexcmds 2011/11/29 v0.20 Utility functions of pdfTeX for LuaTeX (HO
)
Package pdftexcmds Info: LuaTeX not detected.
Package pdftexcmds Info: \pdf@primitive is available.
Package pdftexcmds Info: \pdf@ifprimitive is available.
Package pdftexcmds Info: \pdfdraftmode found.
Package: pdfescape 2011/11/25 v1.13 Implements pdfTeX's escape features (HO)
Package: bigintcalc 2012/04/08 v1.3 Expandable calculations on big integers (HO
)
Package: bitset 2011/01/30 v1.1 Handle bit-vector datatype (HO)
Package: uniquecounter 2011/01/30 v1.2 Provide unlimited unique counter (HO)
)
Package hobsub Info: Skipping package `hobsub' (already loaded).
Package: letltxmacro 2010/09/02 v1.4 Let assignment for LaTeX macros (HO)
Package: hopatch 2012/05/28 v1.2 Wrapper for package hooks (HO)
Package: xcolor-patch 2011/01/30 xcolor patch
Package: atveryend 2011/06/30 v1.8 Hooks at the very end of document (HO)
Package: atbegshi 2011/10/05 v1.16 At begin shipout hook (HO)
Package: refcount 2011/10/16 v3.4 Data extraction from label references (HO)
Package: hycolor 2011/01/30 v1.7 Color options for hyperref/bookmark (HO)
)
(/usr/share/texlive/texmf-dist/tex/latex/graphics/keyval.sty
Package: keyval 1999/03/16 v1.13 key=value parser (DPC)
\KV@toks@=\toks18
)
(/usr/share/texlive/texmf-dist/tex/generic/ifxetex/ifxetex.sty
Package: ifxetex 2010/09/12 v0.6 Provides ifxetex conditional
)
(/usr/share/texlive/texmf-dist/tex/latex/oberdiek/auxhook.sty
Package: auxhook 2011/03/04 v1.3 Hooks for auxiliary files (HO)
)
(/usr/share/texlive/texmf-dist/tex/latex/oberdiek/kvoptions.sty
Package: kvoptions 2011/06/30 v3.11 Key value format for package options (HO)
)
\@linkdim=\dimen108
\Hy@linkcounter=\count93
\Hy@pagecounter=\count94

(/usr/share/texlive/texmf-dist/tex/latex/hyperref/pd1enc.def
File: pd1enc.def 2012/11/06 v6.83m Hyperref: PDFDocEncoding definition (HO)
)
\Hy@SavedSpaceFactor=\count95

(/usr/share/texlive/texmf-dist/tex/latex/latexconfig/hyperref.cfg
File: hyperref.cfg 2002/06/06 v1.2 hyperref configuration of TeXLive
)
Package hyperref Info: Hyper figures OFF on input line 4443.
Package hyperref Info: Link nesting OFF on input line 4448.
Package hyperref Info: Hyper index ON on input line 4451.
Package hyperref Info: Plain pages OFF on input line 4458.
Package hyperref Info: Backreferencing OFF on input line 4463.
Package hyperref Info: Implicit mode ON; LaTeX internals redefined.
Package hyperref Info: Bookmarks ON on input line 4688.
\c@Hy@tempcnt=\count96

(/usr/share/texlive/texmf-dist/tex/latex/url/url.sty
\Urlmuskip=\muskip10
Package: url 2013/09/16  ver 3.4  Verb mode for urls, etc.
)
LaTeX Info: Redefining \url on input line 5041.
\XeTeXLinkMargin=\dimen109
\Fld@menulength=\count97
\Field@Width=\dimen110
\Fld@charsize=\dimen111
Package hyperref Info: Hyper figures OFF on input line 6295.
Package hyperref Info: Link nesting OFF on input line 6300.
Package hyperref Info: Hyper index ON on input line 6303.
Package hyperref Info: backreferencing OFF on input line 6310.
Package hyperref Info: Link coloring OFF on input line 6315.
Package hyperref Info: Link coloring with OCG OFF on input line 6320.
Package hyperref Info: PDF/A mode OFF on input line 6325.
LaTeX Info: Redefining \ref on input line 6365.
LaTeX Info: Redefining \pageref on input line 6369.
\Hy@abspage=\count98
\c@Item=\count99
\c@Hfootnote=\count100
)

Package hyperref Message: Driver (autodetected): hpdftex.

(/usr/share/texlive/texmf-dist/tex/latex/hyperref/hpdftex.def
File: hpdftex.def 2012/11/06 v6.83m Hyperref driver for pdfTeX
\Fld@listcount=\count101
\c@bookmark@seq@number=\count102

(/usr/share/texlive/texmf-dist/tex/latex/oberdiek/rerunfilecheck.sty
Package: rerunfilecheck 2011/04/15 v1.7 Rerun checks for auxiliary files (HO)
Package uniquecounter Info: New unique counter `rerunfilecheck' on input line 2
82.
)
\Hy@SectionHShift=\skip47
)
(/usr/share/texlive/texmf-dist/tex/latex/listings/listings.sty
\lst@mode=\count103
\lst@gtempboxa=\box29
\lst@token=\toks19
\lst@length=\count104
\lst@currlwidth=\dimen112
\lst@column=\count105
\lst@pos=\count106
\lst@lostspace=\dimen113
\lst@width=\dimen114
\lst@newlines=\count107
\lst@lineno=\count108
\lst@maxwidth=\dimen115

(/usr/share/texlive/texmf-dist/tex/latex/listings/lstmisc.sty
File: lstmisc.sty 2013/08/26 1.5b (Carsten Heinz)
\c@lstnumber=\count109
\lst@skipnumbers=\count110
\lst@framebox=\box30
)
(/usr/share/texlive/texmf-dist/tex/latex/listings/listings.cfg
File: listings.cfg 2013/08/26 1.5b listings configuration
))
Package: listings 2013/08/26 1.5b (Carsten Heinz)

(/usr/share/texlive/texmf-dist/tex/latex/graphics/color.sty
Package: color 2005/11/14 v1.0j Standard LaTeX Color (DPC)

(/usr/share/texlive/texmf-dist/tex/latex/latexconfig/color.cfg
File: color.cfg 2007/01/18 v1.5 color configuration of teTeX/TeXLive
)
Package color Info: Driver file: pdftex.def on input line 130.

(/usr/share/texlive/texmf-dist/tex/latex/pdftex-def/pdftex.def
File: pdftex.def 2011/05/27 v0.06d Graphics/color for pdfTeX
\Gread@gobject=\count111
))
(/usr/share/texlive/texmf-dist/tex/latex/graphics/graphicx.sty
Package: graphicx 1999/02/16 v1.0f Enhanced LaTeX Graphics (DPC,SPQR)

(/usr/share/texlive/texmf-dist/tex/latex/graphics/graphics.sty
Package: graphics 2009/02/05 v1.0o Standard LaTeX Graphics (DPC,SPQR)

(/usr/share/texlive/texmf-dist/tex/latex/graphics/trig.sty
Package: trig 1999/03/16 v1.09 sin cos tan (DPC)
)
(/usr/share/texlive/texmf-dist/tex/latex/latexconfig/graphics.cfg
File: graphics.cfg 2010/04/23 v1.9 graphics configuration of TeX Live
)
Package graphics Info: Driver file: pdftex.def on input line 91.
)
\Gin@req@height=\dimen116
\Gin@req@width=\dimen117
)
(/usr/share/texlive/texmf-dist/tex/latex/caption/subcaption.sty
Package: subcaption 2013/02/03 v1.1-62 Sub-captions (AR)

(/usr/share/texlive/texmf-dist/tex/latex/caption/caption.sty
Package: caption 2013/05/02 v3.3-89 Customizing captions (AR)

(/usr/share/texlive/texmf-dist/tex/latex/caption/caption3.sty
Package: caption3 2013/05/02 v1.6-88 caption3 kernel (AR)
Package caption3 Info: TeX engine: e-TeX on input line 57.
\captionmargin=\dimen118
\captionmargin@=\dimen119
\captionwidth=\dimen120
\caption@tempdima=\dimen121
\caption@indent=\dimen122
\caption@parindent=\dimen123
\caption@hangindent=\dimen124
)
\c@ContinuedFloat=\count112
Package caption Info: float package is loaded.
Package caption Info: hyperref package is loaded.
Package caption Info: listings package is loaded.
)
\c@subfigure=\count113
\c@subtable=\count114
)
(/usr/share/texlive/texmf-dist/tex/latex/amsmath/amsmath.sty
Package: amsmath 2013/01/14 v2.14 AMS math features
\@mathmargin=\skip48

For additional information on amsmath, use the `?' option.
(/usr/share/texlive/texmf-dist/tex/latex/amsmath/amstext.sty
Package: amstext 2000/06/29 v2.01

(/usr/share/texlive/texmf-dist/tex/latex/amsmath/amsgen.sty
File: amsgen.sty 1999/11/30 v2.0
\@emptytoks=\toks20
\ex@=\dimen125
))
(/usr/share/texlive/texmf-dist/tex/latex/amsmath/amsbsy.sty
Package: amsbsy 1999/11/29 v1.2d
\pmbraise@=\dimen126
)
(/usr/share/texlive/texmf-dist/tex/latex/amsmath/amsopn.sty
Package: amsopn 1999/12/14 v2.01 operator names
)
\inf@bad=\count115
LaTeX Info: Redefining \frac on input line 210.
\uproot@=\count116
\leftroot@=\count117
LaTeX Info: Redefining \overline on input line 306.
\classnum@=\count118
\DOTSCASE@=\count119
LaTeX Info: Redefining \ldots on input line 378.
LaTeX Info: Redefining \dots on input line 381.
LaTeX Info: Redefining \cdots on input line 466.
\Mathstrutbox@=\box31
\strutbox@=\box32
\big@size=\dimen127
LaTeX Font Info:    Redeclaring font encoding OML on input line 566.
LaTeX Font Info:    Redeclaring font encoding OMS on input line 567.
\macc@depth=\count120
\c@MaxMatrixCols=\count121
\dotsspace@=\muskip11
\c@parentequation=\count122
\dspbrk@lvl=\count123
\tag@help=\toks21
\row@=\count124
\column@=\count125
\maxfields@=\count126
\andhelp@=\toks22
\eqnshift@=\dimen128
\alignsep@=\dimen129
\tagshift@=\dimen130
\tagwidth@=\dimen131
\totwidth@=\dimen132
\lineht@=\dimen133
\@envbody=\toks23
\multlinegap=\skip49
\multlinetaggap=\skip50
\mathdisplay@stack=\toks24
LaTeX Info: Redefining \[ on input line 2665.
LaTeX Info: Redefining \] on input line 2666.
)
(/usr/share/texlive/texmf-dist/tex/latex/relsize/relsize.sty
Package: relsize 2013/03/29 ver 4.1
)
(./a3-130010046.aux)
\openout1 = `a3-130010046.aux'.

LaTeX Font Info:    Checking defaults for OML/cmm/m/it on input line 52.
LaTeX Font Info:    ... okay on input line 52.
LaTeX Font Info:    Checking defaults for T1/cmr/m/n on input line 52.
LaTeX Font Info:    ... okay on input line 52.
LaTeX Font Info:    Checking defaults for OT1/cmr/m/n on input line 52.
LaTeX Font Info:    ... okay on input line 52.
LaTeX Font Info:    Checking defaults for OMS/cmsy/m/n on input line 52.
LaTeX Font Info:    ... okay on input line 52.
LaTeX Font Info:    Checking defaults for OMX/cmex/m/n on input line 52.
LaTeX Font Info:    ... okay on input line 52.
LaTeX Font Info:    Checking defaults for U/cmr/m/n on input line 52.
LaTeX Font Info:    ... okay on input line 52.
LaTeX Font Info:    Checking defaults for PD1/pdf/m/n on input line 52.
LaTeX Font Info:    ... okay on input line 52.
LaTeX Font Info:    Try loading font information for OT1+lmr on input line 52.
 (/usr/share/texmf/tex/latex/lm/ot1lmr.fd
File: ot1lmr.fd 2009/10/30 v1.6 Font defs for Latin Modern
)
\AtBeginShipoutBox=\box33
Package hyperref Info: Link coloring OFF on input line 52.

(/usr/share/texlive/texmf-dist/tex/latex/hyperref/nameref.sty
Package: nameref 2012/10/27 v2.43 Cross-referencing by name of section

(/usr/share/texlive/texmf-dist/tex/generic/oberdiek/gettitlestring.sty
Package: gettitlestring 2010/12/03 v1.4 Cleanup title references (HO)
)
\c@section@level=\count127
)
LaTeX Info: Redefining \ref on input line 52.
LaTeX Info: Redefining \pageref on input line 52.
LaTeX Info: Redefining \nameref on input line 52.

(./a3-130010046.out) (./a3-130010046.out)
\@outlinefile=\write3
\openout3 = `a3-130010046.out'.

\c@lstlisting=\count128

(/usr/share/texlive/texmf-dist/tex/context/base/supp-pdf.mkii
[Loading MPS to PDF converter (version 2006.09.02).]
\scratchcounter=\count129
\scratchdimen=\dimen134
\scratchbox=\box34
\nofMPsegments=\count130
\nofMParguments=\count131
\everyMPshowfont=\toks25
\MPscratchCnt=\count132
\MPscratchDim=\dimen135
\MPnumerator=\count133
\makeMPintoPDFobject=\count134
\everyMPtoPDFconversion=\toks26
) (/usr/share/texlive/texmf-dist/tex/latex/oberdiek/epstopdf-base.sty
Package: epstopdf-base 2010/02/09 v2.5 Base part for package epstopdf

(/usr/share/texlive/texmf-dist/tex/latex/oberdiek/grfext.sty
Package: grfext 2010/08/19 v1.1 Manage graphics extensions (HO)
)
Package grfext Info: Graphics extension search list:
(grfext)             [.png,.pdf,.jpg,.mps,.jpeg,.jbig2,.jb2,.PNG,.PDF,.JPG,.JPE
G,.JBIG2,.JB2,.eps]
(grfext)             \AppendGraphicsExtensions on input line 452.

(/usr/share/texlive/texmf-dist/tex/latex/latexconfig/epstopdf-sys.cfg
File: epstopdf-sys.cfg 2010/07/13 v1.3 Configuration of (r)epstopdf for TeX Liv
e
))
Package caption Info: Begin \AtBeginDocument code.
Package caption Info: End \AtBeginDocument code.

[1

{/var/lib/texmf/fonts/map/pdftex/updmap/pdftex.map}] (./a3-130010046.toc
LaTeX Font Info:    Try loading font information for OML+lmm on input line 3.

(/usr/share/texmf/tex/latex/lm/omllmm.fd
File: omllmm.fd 2009/10/30 v1.6 Font defs for Latin Modern
)
LaTeX Font Info:    Try loading font information for OMS+lmsy on input line 3.

(/usr/share/texmf/tex/latex/lm/omslmsy.fd
File: omslmsy.fd 2009/10/30 v1.6 Font defs for Latin Modern
)
LaTeX Font Info:    Try loading font information for OMX+lmex on input line 3.

(/usr/share/texmf/tex/latex/lm/omxlmex.fd
File: omxlmex.fd 2009/10/30 v1.6 Font defs for Latin Modern
)
LaTeX Font Info:    External font `lmex10' loaded for size
(Font)              <10.95> on input line 3.
LaTeX Font Info:    External font `lmex10' loaded for size
(Font)              <8> on input line 3.
LaTeX Font Info:    External font `lmex10' loaded for size
(Font)              <6> on input line 3.
LaTeX Font Info:    Try loading font information for U+msa on input line 3.

(/usr/share/texlive/texmf-dist/tex/latex/amsfonts/umsa.fd
File: umsa.fd 2013/01/14 v3.01 AMS symbols A
)
LaTeX Font Info:    Try loading font information for U+msb on input line 3.

(/usr/share/texlive/texmf-dist/tex/latex/amsfonts/umsb.fd
File: umsb.fd 2013/01/14 v3.01 AMS symbols B
) [2])
\tf@toc=\write4
\openout4 = `a3-130010046.toc'.

 [3]
<FTBS1_08.png, id=233, 578.16pt x 433.62pt>
File: FTBS1_08.png Graphic file (type png)
 <use FTBS1_08.png>
Package pdftex.def Info: FTBS1_08.png used on input line 68.
(pdftex.def)             Requested size: 288.0011pt x 215.99564pt.

<FTBS1_08_1.png, id=235, 578.16pt x 433.62pt>
File: FTBS1_08_1.png Graphic file (type png)
 <use FTBS1_08_1.png>
Package pdftex.def Info: FTBS1_08_1.png used on input line 74.
(pdftex.def)             Requested size: 288.0011pt x 215.99564pt.
 [4 <./FTBS1_08.png>] <FTBS1_1.png, id=242, 578.16pt x 433.62pt>
File: FTBS1_1.png Graphic file (type png)
 <use FTBS1_1.png>
Package pdftex.def Info: FTBS1_1.png used on input line 84.
(pdftex.def)             Requested size: 288.0011pt x 215.99564pt.

<FTBS1_1_1.png, id=243, 578.16pt x 433.62pt>
File: FTBS1_1_1.png Graphic file (type png)
 <use FTBS1_1_1.png>
Package pdftex.def Info: FTBS1_1_1.png used on input line 90.
(pdftex.def)             Requested size: 288.0011pt x 215.99564pt.
 [5 <./FTBS1_08_1.png> <./FTBS1_1.png>]
Overfull \hbox (1.82639pt too wide) in paragraph at lines 94--96
\OT1/lmr/m/n/10.95 We see that the func-tion pro-pogates with-out any change in
 its shape. Though
 []

<FTBS1_12.png, id=252, 578.16pt x 433.62pt>
File: FTBS1_12.png Graphic file (type png)
 <use FTBS1_12.png>
Package pdftex.def Info: FTBS1_12.png used on input line 100.
(pdftex.def)             Requested size: 288.0011pt x 215.99564pt.

<FTBS1_12_1.png, id=253, 578.16pt x 433.62pt>
File: FTBS1_12_1.png Graphic file (type png)
 <use FTBS1_12_1.png>
Package pdftex.def Info: FTBS1_12_1.png used on input line 106.
(pdftex.def)             Requested size: 288.0011pt x 215.99564pt.
 [6 <./FTBS1_1_1.png> <./FTBS1_12.png>] <FTBS1_12_1_log.png, id=262, 578.16pt x
 433.62pt>
File: FTBS1_12_1_log.png Graphic file (type png)

<use FTBS1_12_1_log.png>
Package pdftex.def Info: FTBS1_12_1_log.png used on input line 112.
(pdftex.def)             Requested size: 288.0011pt x 215.99564pt.
 <FTFS1_08.png, id=263, 578.16pt x 433.62pt>
File: FTFS1_08.png Graphic file (type png)

<use FTFS1_08.png>
Package pdftex.def Info: FTFS1_08.png used on input line 121.
(pdftex.def)             Requested size: 288.0011pt x 215.99564pt.
 [7 <./FTBS1_12_1.png> <./FTBS1_12_1_log.png>]
<FTFS1_08_1.png, id=273, 578.16pt x 433.62pt>
File: FTFS1_08_1.png Graphic file (type png)
 <use FTFS1_08_1.png>
Package pdftex.def Info: FTFS1_08_1.png used on input line 127.
(pdftex.def)             Requested size: 288.0011pt x 215.99564pt.

<FTFS1_1.png, id=274, 578.16pt x 433.62pt>
File: FTFS1_1.png Graphic file (type png)
 <use FTFS1_1.png>
Package pdftex.def Info: FTFS1_1.png used on input line 134.
(pdftex.def)             Requested size: 288.0011pt x 215.99564pt.
 [8 <./FTFS1_08.png> <./FTFS1_08_1.png>] <FTFS1_1_1.png, id=283, 578.16pt x 433
.62pt>
File: FTFS1_1_1.png Graphic file (type png)

<use FTFS1_1_1.png>
Package pdftex.def Info: FTFS1_1_1.png used on input line 140.
(pdftex.def)             Requested size: 288.0011pt x 215.99564pt.
 <FTFS1_12.png, id=284, 578.16pt x 433.62pt>
File: FTFS1_12.png Graphic file (type png)

<use FTFS1_12.png>
Package pdftex.def Info: FTFS1_12.png used on input line 147.
(pdftex.def)             Requested size: 288.0011pt x 215.99564pt.
 [9 <./FTFS1_1.png> <./FTFS1_1_1.png>]
<FTFS1_12_1.png, id=293, 578.16pt x 433.62pt>
File: FTFS1_12_1.png Graphic file (type png)
 <use FTFS1_12_1.png>
Package pdftex.def Info: FTFS1_12_1.png used on input line 153.
(pdftex.def)             Requested size: 288.0011pt x 215.99564pt.

<FTCS1_08.png, id=294, 578.16pt x 433.62pt>
File: FTCS1_08.png Graphic file (type png)
 <use FTCS1_08.png>
Package pdftex.def Info: FTCS1_08.png used on input line 163.
(pdftex.def)             Requested size: 288.0011pt x 215.99564pt.
 [10 <./FTFS1_12.png> <./FTFS1_12_1.png>] <FTCS1_08_1.png, id=303, 578.16pt x 4
33.62pt>
File: FTCS1_08_1.png Graphic file (type png)

<use FTCS1_08_1.png>
Package pdftex.def Info: FTCS1_08_1.png used on input line 169.
(pdftex.def)             Requested size: 288.0011pt x 215.99564pt.
 <FTCS1_08_1_log.png, id=304, 578.16pt x 433.62pt>
File: FTCS1_08_1_log.png Graphic file (type png)

<use FTCS1_08_1_log.png>
Package pdftex.def Info: FTCS1_08_1_log.png used on input line 175.
(pdftex.def)             Requested size: 288.0011pt x 215.99564pt.
 [11 <./FTCS1_08.png> <./FTCS1_08_1.png>]
<FTCS1_1.png, id=313, 578.16pt x 433.62pt>
File: FTCS1_1.png Graphic file (type png)
 <use FTCS1_1.png>
Package pdftex.def Info: FTCS1_1.png used on input line 182.
(pdftex.def)             Requested size: 288.0011pt x 215.99564pt.

<FTCS1_1_1.png, id=314, 578.16pt x 433.62pt>
File: FTCS1_1_1.png Graphic file (type png)
 <use FTCS1_1_1.png>
Package pdftex.def Info: FTCS1_1_1.png used on input line 188.
(pdftex.def)             Requested size: 288.0011pt x 215.99564pt.
 [12 <./FTCS1_08_1_log.png> <./FTCS1_1.png>] <FTCS1_1_1_log.png, id=323, 578.16
pt x 433.62pt>
File: FTCS1_1_1_log.png Graphic file (type png)

<use FTCS1_1_1_log.png>
Package pdftex.def Info: FTCS1_1_1_log.png used on input line 194.
(pdftex.def)             Requested size: 288.0011pt x 215.99564pt.
 <FTCS1_12.png, id=324, 578.16pt x 433.62pt>
File: FTCS1_12.png Graphic file (type png)

<use FTCS1_12.png>
Package pdftex.def Info: FTCS1_12.png used on input line 201.
(pdftex.def)             Requested size: 288.0011pt x 215.99564pt.
 [13 <./FTCS1_1_1.png> <./FTCS1_1_1_log.png>]
<FTCS1_12_1.png, id=334, 578.16pt x 433.62pt>
File: FTCS1_12_1.png Graphic file (type png)
 <use FTCS1_12_1.png>
Package pdftex.def Info: FTCS1_12_1.png used on input line 207.
(pdftex.def)             Requested size: 288.0011pt x 215.99564pt.

<FTCS1_12_1_log.png, id=335, 578.16pt x 433.62pt>
File: FTCS1_12_1_log.png Graphic file (type png)
 <use FTCS1_12_1_log.png>
Package pdftex.def Info: FTCS1_12_1_log.png used on input line 213.
(pdftex.def)             Requested size: 288.0011pt x 215.99564pt.

[14 <./FTCS1_12.png> <./FTCS1_12_1.png>]
! Undefined control sequence.
l.224 \subsubsubsection
                       {CFL = 0.8}
The control sequence at the end of the top line
of your error message was never \def'ed. If you have
misspelled it (e.g., `\hobx'), type `I' and the correct
spelling (e.g., `I\hbox'). Otherwise just continue,
and I'll forget about whatever was undefined.

<FTBS2_08.png, id=345, 578.16pt x 433.62pt>
File: FTBS2_08.png Graphic file (type png)
 <use FTBS2_08.png>
Package pdftex.def Info: FTBS2_08.png used on input line 227.
(pdftex.def)             Requested size: 288.0011pt x 215.99564pt.
 [15 <./FTCS1_12_1_log.png>] <FTBS2_08_1.png, id=352, 578.16pt x 433.62pt>
File: FTBS2_08_1.png Graphic file (type png)
 <use FTBS2_08_1.png>
Package pdftex.def Info: FTBS2_08_1.png used on input line 233.
(pdftex.def)             Requested size: 288.0011pt x 215.99564pt.

<FTBS2_1.png, id=353, 578.16pt x 433.62pt>
File: FTBS2_1.png Graphic file (type png)
 <use FTBS2_1.png>
Package pdftex.def Info: FTBS2_1.png used on input line 242.
(pdftex.def)             Requested size: 288.0011pt x 215.99564pt.
 [16 <./FTBS2_08.png> <./FTBS2_08_1.png>] <FTBS2_1_1.png, id=362, 578.16pt x 43
3.62pt>
File: FTBS2_1_1.png Graphic file (type png)

<use FTBS2_1_1.png>
Package pdftex.def Info: FTBS2_1_1.png used on input line 248.
(pdftex.def)             Requested size: 288.0011pt x 215.99564pt.
 <FTBS2_12.png, id=363, 578.16pt x 433.62pt>
File: FTBS2_12.png Graphic file (type png)

<use FTBS2_12.png>
Package pdftex.def Info: FTBS2_12.png used on input line 258.
(pdftex.def)             Requested size: 288.0011pt x 215.99564pt.
 [17 <./FTBS2_1.png> <./FTBS2_1_1.png>]
<FTBS2_12_1.png, id=372, 578.16pt x 433.62pt>
File: FTBS2_12_1.png Graphic file (type png)
 <use FTBS2_12_1.png>
Package pdftex.def Info: FTBS2_12_1.png used on input line 264.
(pdftex.def)             Requested size: 288.0011pt x 215.99564pt.

<FTBS2_12_1_log.png, id=373, 578.16pt x 433.62pt>
File: FTBS2_12_1_log.png Graphic file (type png)
 <use FTBS2_12_1_log.png>
Package pdftex.def Info: FTBS2_12_1_log.png used on input line 270.
(pdftex.def)             Requested size: 288.0011pt x 215.99564pt.

[18 <./FTBS2_12.png> <./FTBS2_12_1.png>]
<FTFS2_08.png, id=382, 578.16pt x 433.62pt>
File: FTFS2_08.png Graphic file (type png)
 <use FTFS2_08.png>
Package pdftex.def Info: FTFS2_08.png used on input line 279.
(pdftex.def)             Requested size: 288.0011pt x 215.99564pt.

<FTFS2_08_1.png, id=383, 578.16pt x 433.62pt>
File: FTFS2_08_1.png Graphic file (type png)
 <use FTFS2_08_1.png>
Package pdftex.def Info: FTFS2_08_1.png used on input line 285.
(pdftex.def)             Requested size: 288.0011pt x 215.99564pt.
 [19 <./FTBS2_12_1_log.png> <./FTFS2_08.png>] <FTFS2_1.png, id=393, 578.16pt x 
433.62pt>
File: FTFS2_1.png Graphic file (type png)

<use FTFS2_1.png>
Package pdftex.def Info: FTFS2_1.png used on input line 292.
(pdftex.def)             Requested size: 288.0011pt x 215.99564pt.
 <FTFS2_1_1.png, id=394, 578.16pt x 433.62pt>
File: FTFS2_1_1.png Graphic file (type png)

<use FTFS2_1_1.png>
Package pdftex.def Info: FTFS2_1_1.png used on input line 298.
(pdftex.def)             Requested size: 288.0011pt x 215.99564pt.
 [20 <./FTFS2_08_1.png> <./FTFS2_1.png>]
<FTFS2_12.png, id=403, 578.16pt x 433.62pt>
File: FTFS2_12.png Graphic file (type png)
 <use FTFS2_12.png>
Package pdftex.def Info: FTFS2_12.png used on input line 305.
(pdftex.def)             Requested size: 288.0011pt x 215.99564pt.

<FTFS2_12_1.png, id=404, 578.16pt x 433.62pt>
File: FTFS2_12_1.png Graphic file (type png)
 <use FTFS2_12_1.png>
Package pdftex.def Info: FTFS2_12_1.png used on input line 311.
(pdftex.def)             Requested size: 288.0011pt x 215.99564pt.
 [21 <./FTFS2_1_1.png> <./FTFS2_12.png>] <FTCS2_08.png, id=413, 578.16pt x 433.
62pt>
File: FTCS2_08.png Graphic file (type png)

<use FTCS2_08.png>
Package pdftex.def Info: FTCS2_08.png used on input line 321.
(pdftex.def)             Requested size: 288.0011pt x 215.99564pt.
 <FTCS2_08_1.png, id=414, 578.16pt x 433.62pt>
File: FTCS2_08_1.png Graphic file (type png)

<use FTCS2_08_1.png>
Package pdftex.def Info: FTCS2_08_1.png used on input line 327.
(pdftex.def)             Requested size: 288.0011pt x 215.99564pt.
 [22 <./FTFS2_12_1.png> <./FTCS2_08.png>]
<FTCS2_08_1_log.png, id=423, 578.16pt x 433.62pt>
File: FTCS2_08_1_log.png Graphic file (type png)
 <use FTCS2_08_1_log.png>
Package pdftex.def Info: FTCS2_08_1_log.png used on input line 333.
(pdftex.def)             Requested size: 288.0011pt x 215.99564pt.

<FTCS2_1.png, id=424, 578.16pt x 433.62pt>
File: FTCS2_1.png Graphic file (type png)
 <use FTCS2_1.png>
Package pdftex.def Info: FTCS2_1.png used on input line 340.
(pdftex.def)             Requested size: 288.0011pt x 215.99564pt.
 [23 <./FTCS2_08_1.png> <./FTCS2_08_1_log.png>] <FTCS2_1_1.png, id=433, 578.16p
t x 433.62pt>
File: FTCS2_1_1.png Graphic file (type png)

<use FTCS2_1_1.png>
Package pdftex.def Info: FTCS2_1_1.png used on input line 346.
(pdftex.def)             Requested size: 288.0011pt x 215.99564pt.
 <FTCS2_1_1_log.png, id=434, 578.16pt x 433.62pt>
File: FTCS2_1_1_log.png Graphic file (type png)

<use FTCS2_1_1_log.png>
Package pdftex.def Info: FTCS2_1_1_log.png used on input line 352.
(pdftex.def)             Requested size: 288.0011pt x 215.99564pt.
 [24 <./FTCS2_1.png> <./FTCS2_1_1.png>]
<FTCS2_12.png, id=443, 578.16pt x 433.62pt>
File: FTCS2_12.png Graphic file (type png)
 <use FTCS2_12.png>
Package pdftex.def Info: FTCS2_12.png used on input line 359.
(pdftex.def)             Requested size: 288.0011pt x 215.99564pt.

<FTCS2_12_1.png, id=444, 578.16pt x 433.62pt>
File: FTCS2_12_1.png Graphic file (type png)
 <use FTCS2_12_1.png>
Package pdftex.def Info: FTCS2_12_1.png used on input line 365.
(pdftex.def)             Requested size: 288.0011pt x 215.99564pt.
 [25 <./FTCS2_1_1_log.png> <./FTCS2_12.png>]
<FTCS2_12_1_log.png, id=454, 578.16pt x 433.62pt>
File: FTCS2_12_1_log.png Graphic file (type png)
 <use FTCS2_12_1_log.png>
Package pdftex.def Info: FTCS2_12_1_log.png used on input line 371.
(pdftex.def)             Requested size: 288.0011pt x 215.99564pt.

! Undefined control sequence.
l.378 \subsubsubsection
                       {CFL = 0.8}
The control sequence at the end of the top line
of your error message was never \def'ed. If you have
misspelled it (e.g., `\hobx'), type `I' and the correct
spelling (e.g., `I\hbox'). Otherwise just continue,
and I'll forget about whatever was undefined.

<FTBS3_08.png, id=455, 578.16pt x 433.62pt>
File: FTBS3_08.png Graphic file (type png)
 <use FTBS3_08.png>
Package pdftex.def Info: FTBS3_08.png used on input line 381.
(pdftex.def)             Requested size: 288.0011pt x 215.99564pt.
 [26 <./FTCS2_12_1.png> <./FTCS2_12_1_log.png>] <FTBS3_08_1.png, id=464, 578.16
pt x 433.62pt>
File: FTBS3_08_1.png Graphic file (type png)

<use FTBS3_08_1.png>
Package pdftex.def Info: FTBS3_08_1.png used on input line 387.
(pdftex.def)             Requested size: 288.0011pt x 215.99564pt.
 <FTBS3_1.png, id=465, 578.16pt x 433.62pt>
File: FTBS3_1.png Graphic file (type png)

<use FTBS3_1.png>
Package pdftex.def Info: FTBS3_1.png used on input line 397.
(pdftex.def)             Requested size: 288.0011pt x 215.99564pt.
 [27 <./FTBS3_08.png> <./FTBS3_08_1.png>]
<FTBS3_1_1.png, id=474, 578.16pt x 433.62pt>
File: FTBS3_1_1.png Graphic file (type png)
 <use FTBS3_1_1.png>
Package pdftex.def Info: FTBS3_1_1.png used on input line 403.
(pdftex.def)             Requested size: 288.0011pt x 215.99564pt.

<FTBS3_12.png, id=475, 578.16pt x 433.62pt>
File: FTBS3_12.png Graphic file (type png)
 <use FTBS3_12.png>
Package pdftex.def Info: FTBS3_12.png used on input line 413.
(pdftex.def)             Requested size: 288.0011pt x 215.99564pt.
 [28 <./FTBS3_1.png> <./FTBS3_1_1.png>] <FTBS3_12_1.png, id=484, 578.16pt x 433
.62pt>
File: FTBS3_12_1.png Graphic file (type png)

<use FTBS3_12_1.png>
Package pdftex.def Info: FTBS3_12_1.png used on input line 419.
(pdftex.def)             Requested size: 288.0011pt x 215.99564pt.
 <FTBS3_12_1_log.png, id=485, 578.16pt x 433.62pt>
File: FTBS3_12_1_log.png Graphic file (type png)

<use FTBS3_12_1_log.png>
Package pdftex.def Info: FTBS3_12_1_log.png used on input line 425.
(pdftex.def)             Requested size: 288.0011pt x 215.99564pt.
 [29 <./FTBS3_12.png> <./FTBS3_12_1.png>]
<FTFS3_08.png, id=494, 578.16pt x 433.62pt>
File: FTFS3_08.png Graphic file (type png)
 <use FTFS3_08.png>
Package pdftex.def Info: FTFS3_08.png used on input line 434.
(pdftex.def)             Requested size: 288.0011pt x 215.99564pt.

<FTFS3_08_1.png, id=495, 578.16pt x 433.62pt>
File: FTFS3_08_1.png Graphic file (type png)
 <use FTFS3_08_1.png>
Package pdftex.def Info: FTFS3_08_1.png used on input line 440.
(pdftex.def)             Requested size: 288.0011pt x 215.99564pt.
 [30 <./FTBS3_12_1_log.png> <./FTFS3_08.png>] <FTFS3_1.png, id=505, 578.16pt x 
433.62pt>
File: FTFS3_1.png Graphic file (type png)

<use FTFS3_1.png>
Package pdftex.def Info: FTFS3_1.png used on input line 447.
(pdftex.def)             Requested size: 288.0011pt x 215.99564pt.
 <FTFS3_1_1.png, id=506, 578.16pt x 433.62pt>
File: FTFS3_1_1.png Graphic file (type png)

<use FTFS3_1_1.png>
Package pdftex.def Info: FTFS3_1_1.png used on input line 453.
(pdftex.def)             Requested size: 288.0011pt x 215.99564pt.
 [31 <./FTFS3_08_1.png> <./FTFS3_1.png>]
<FTFS3_12.png, id=516, 578.16pt x 433.62pt>
File: FTFS3_12.png Graphic file (type png)
 <use FTFS3_12.png>
Package pdftex.def Info: FTFS3_12.png used on input line 460.
(pdftex.def)             Requested size: 288.0011pt x 215.99564pt.

<FTFS3_12_1.png, id=517, 578.16pt x 433.62pt>
File: FTFS3_12_1.png Graphic file (type png)
 <use FTFS3_12_1.png>
Package pdftex.def Info: FTFS3_12_1.png used on input line 466.
(pdftex.def)             Requested size: 288.0011pt x 215.99564pt.
 [32 <./FTFS3_1_1.png> <./FTFS3_12.png>] <FTCS3_08.png, id=526, 578.16pt x 433.
62pt>
File: FTCS3_08.png Graphic file (type png)

<use FTCS3_08.png>
Package pdftex.def Info: FTCS3_08.png used on input line 476.
(pdftex.def)             Requested size: 288.0011pt x 215.99564pt.
 <FTCS3_08_1.png, id=527, 578.16pt x 433.62pt>
File: FTCS3_08_1.png Graphic file (type png)

<use FTCS3_08_1.png>
Package pdftex.def Info: FTCS3_08_1.png used on input line 482.
(pdftex.def)             Requested size: 288.0011pt x 215.99564pt.
 [33 <./FTFS3_12_1.png> <./FTCS3_08.png>]
<FTCS3_08_1_log.png, id=536, 578.16pt x 433.62pt>
File: FTCS3_08_1_log.png Graphic file (type png)
 <use FTCS3_08_1_log.png>
Package pdftex.def Info: FTCS3_08_1_log.png used on input line 488.
(pdftex.def)             Requested size: 288.0011pt x 215.99564pt.

<FTCS3_1.png, id=537, 578.16pt x 433.62pt>
File: FTCS3_1.png Graphic file (type png)
 <use FTCS3_1.png>
Package pdftex.def Info: FTCS3_1.png used on input line 495.
(pdftex.def)             Requested size: 288.0011pt x 215.99564pt.
 [34 <./FTCS3_08_1.png> <./FTCS3_08_1_log.png>] <FTCS3_1_1.png, id=546, 578.16p
t x 433.62pt>
File: FTCS3_1_1.png Graphic file (type png)

<use FTCS3_1_1.png>
Package pdftex.def Info: FTCS3_1_1.png used on input line 501.
(pdftex.def)             Requested size: 288.0011pt x 215.99564pt.
 <FTCS3_1_1_log.png, id=547, 578.16pt x 433.62pt>
File: FTCS3_1_1_log.png Graphic file (type png)

<use FTCS3_1_1_log.png>
Package pdftex.def Info: FTCS3_1_1_log.png used on input line 507.
(pdftex.def)             Requested size: 288.0011pt x 215.99564pt.
 [35 <./FTCS3_1.png> <./FTCS3_1_1.png>]
<FTCS3_12.png, id=556, 578.16pt x 433.62pt>
File: FTCS3_12.png Graphic file (type png)
 <use FTCS3_12.png>
Package pdftex.def Info: FTCS3_12.png used on input line 514.
(pdftex.def)             Requested size: 288.0011pt x 215.99564pt.

<FTCS3_12_1.png, id=557, 578.16pt x 433.62pt>
File: FTCS3_12_1.png Graphic file (type png)
 <use FTCS3_12_1.png>
Package pdftex.def Info: FTCS3_12_1.png used on input line 520.
(pdftex.def)             Requested size: 288.0011pt x 215.99564pt.
 [36 <./FTCS3_1_1_log.png> <./FTCS3_12.png>]
<FTCS3_12_1_log.png, id=566, 578.16pt x 433.62pt>
File: FTCS3_12_1_log.png Graphic file (type png)
 <use FTCS3_12_1_log.png>
Package pdftex.def Info: FTCS3_12_1_log.png used on input line 526.
(pdftex.def)             Requested size: 288.0011pt x 215.99564pt.

<laney_t1_bs_1.png, id=567, 578.16pt x 433.62pt>
File: laney_t1_bs_1.png Graphic file (type png)
 <use laney_t1_bs_1.png>
Package pdftex.def Info: laney_t1_bs_1.png used on input line 537.
(pdftex.def)             Requested size: 288.0011pt x 215.99564pt.

[37 <./FTCS3_12_1.png> <./FTCS3_12_1_log.png>]
<laney_t1_cs2_1.png, id=577, 578.16pt x 433.62pt>
File: laney_t1_cs2_1.png Graphic file (type png)
 <use laney_t1_cs2_1.png>
Package pdftex.def Info: laney_t1_cs2_1.png used on input line 544.
(pdftex.def)             Requested size: 288.0011pt x 215.99564pt.

<laney_t2_bs_1.png, id=578, 578.16pt x 433.62pt>
File: laney_t2_bs_1.png Graphic file (type png)
 <use laney_t2_bs_1.png>
Package pdftex.def Info: laney_t2_bs_1.png used on input line 553.
(pdftex.def)             Requested size: 288.0011pt x 215.99564pt.

<laney_t2_cs2_1.png, id=579, 578.16pt x 433.62pt>
File: laney_t2_cs2_1.png Graphic file (type png)
 <use laney_t2_cs2_1.png>
Package pdftex.def Info: laney_t2_cs2_1.png used on input line 560.
(pdftex.def)             Requested size: 288.0011pt x 215.99564pt.
File: laney_t2_bs_1.png Graphic file (type png)

<use laney_t2_bs_1.png>
Package pdftex.def Info: laney_t2_bs_1.png used on input line 569.
(pdftex.def)             Requested size: 288.0011pt x 215.99564pt.
File: laney_t2_cs2_1.png Graphic file (type png)
 <use laney_t2_cs2_1.png>
Package pdftex.def Info: laney_t2_cs2_1.png used on input line 576.
(pdftex.def)             Requested size: 288.0011pt x 215.99564pt.
Package atveryend Info: Empty hook `BeforeClearDocument' on input line 588.
 [38 <./laney_t1_bs_1.png>]
[39 <./laney_t1_cs2_1.png> <./laney_t2_bs_1.png>] [40 <./laney_t2_cs2_1.png>]
[41]
Package atveryend Info: Empty hook `AfterLastShipout' on input line 588.
 (./a3-130010046.aux)
Package atveryend Info: Executing hook `AtVeryEndDocument' on input line 588.
Package atveryend Info: Executing hook `AtEndAfterFileList' on input line 588.


Package rerunfilecheck Warning: File `a3-130010046.out' has changed.
(rerunfilecheck)                Rerun to get outlines right
(rerunfilecheck)                or use package `bookmark'.

Package rerunfilecheck Info: Checksums for `a3-130010046.out':
(rerunfilecheck)             Before: 3499A59F8E13F1B1897A4D775D6773B1;2654
(rerunfilecheck)             After:  6643D8273FE8FC4A5D12801A74000AB4;2777.
 ) 
Here is how much of TeX's memory you used:
 9395 strings out of 495028
 140525 string characters out of 6181498
 225694 words of memory out of 5000000
 12268 multiletter control sequences out of 15000+600000
 39802 words of font info for 39 fonts, out of 8000000 for 9000
 14 hyphenation exceptions out of 8191
 42i,7n,40p,797b,355s stack positions out of 5000i,500n,10000p,200000b,80000s
{/usr/share/texmf/fonts/enc/dvips/lm/lm-mathsy.enc}{/usr/share/texmf/fonts/en
c/dvips/lm/lm-mathit.enc}{/usr/share/texmf/fonts/enc/dvips/lm/lm-rm.enc}</usr/s
hare/texmf/fonts/type1/public/lm/lmbx10.pfb></usr/share/texmf/fonts/type1/publi
c/lm/lmbx12.pfb></usr/share/texmf/fonts/type1/public/lm/lmmi10.pfb></usr/share/
texmf/fonts/type1/public/lm/lmr10.pfb></usr/share/texmf/fonts/type1/public/lm/l
mr12.pfb></usr/share/texmf/fonts/type1/public/lm/lmr17.pfb></usr/share/texmf/fo
nts/type1/public/lm/lmsy10.pfb>
Output written on a3-130010046.pdf (41 pages, 3391428 bytes).
PDF statistics:
 675 PDF objects out of 1000 (max. 8388607)
 480 compressed objects within 5 object streams
 158 named destinations out of 1000 (max. 500000)
 687 words of extra memory for PDF output out of 10000 (max. 10000000)

