\BOOKMARK [1][-]{section.1}{Introduction:}{}% 1
\BOOKMARK [1][-]{section.2}{Question 1:}{}% 2
\BOOKMARK [2][-]{subsection.2.1}{FTBS}{section.2}% 3
\BOOKMARK [3][-]{subsubsection.2.1.1}{CFL = 0.8}{subsection.2.1}% 4
\BOOKMARK [3][-]{subsubsection.2.1.2}{CFL = 1.0}{subsection.2.1}% 5
\BOOKMARK [3][-]{subsubsection.2.1.3}{CFL = 1.2}{subsection.2.1}% 6
\BOOKMARK [2][-]{subsection.2.2}{FTFS}{section.2}% 7
\BOOKMARK [3][-]{subsubsection.2.2.1}{CFL = 0.8}{subsection.2.2}% 8
\BOOKMARK [3][-]{subsubsection.2.2.2}{CFL = 1.0}{subsection.2.2}% 9
\BOOKMARK [3][-]{subsubsection.2.2.3}{CFL = 1.2}{subsection.2.2}% 10
\BOOKMARK [2][-]{subsection.2.3}{FTCS}{section.2}% 11
\BOOKMARK [3][-]{subsubsection.2.3.1}{CFL = 0.8}{subsection.2.3}% 12
\BOOKMARK [3][-]{subsubsection.2.3.2}{CFL = 1.0}{subsection.2.3}% 13
\BOOKMARK [3][-]{subsubsection.2.3.3}{CFL = 1.2}{subsection.2.3}% 14
\BOOKMARK [1][-]{section.3}{Question 2:}{}% 15
\BOOKMARK [2][-]{subsection.3.1}{Single frequency}{section.3}% 16
\BOOKMARK [3][-]{subsubsection.3.1.1}{FTBS}{subsection.3.1}% 17
\BOOKMARK [3][-]{subsubsection.3.1.2}{CFL = 1.0}{subsection.3.1}% 18
\BOOKMARK [3][-]{subsubsection.3.1.3}{CFL = 1.2}{subsection.3.1}% 19
\BOOKMARK [2][-]{subsection.3.2}{FTFS}{section.3}% 20
\BOOKMARK [3][-]{subsubsection.3.2.1}{CFL = 0.8}{subsection.3.2}% 21
\BOOKMARK [3][-]{subsubsection.3.2.2}{CFL = 1.0}{subsection.3.2}% 22
\BOOKMARK [3][-]{subsubsection.3.2.3}{CFL = 1.2}{subsection.3.2}% 23
\BOOKMARK [2][-]{subsection.3.3}{FTCS}{section.3}% 24
\BOOKMARK [3][-]{subsubsection.3.3.1}{CFL = 0.8}{subsection.3.3}% 25
\BOOKMARK [3][-]{subsubsection.3.3.2}{CFL = 1.0}{subsection.3.3}% 26
\BOOKMARK [3][-]{subsubsection.3.3.3}{CFL = 1.2}{subsection.3.3}% 27
\BOOKMARK [2][-]{subsection.3.4}{Multiple frequencies}{section.3}% 28
\BOOKMARK [3][-]{subsubsection.3.4.1}{FTBS}{subsection.3.4}% 29
\BOOKMARK [3][-]{subsubsection.3.4.2}{CFL = 1.0}{subsection.3.4}% 30
\BOOKMARK [3][-]{subsubsection.3.4.3}{CFL = 1.2}{subsection.3.4}% 31
\BOOKMARK [2][-]{subsection.3.5}{FTFS}{section.3}% 32
\BOOKMARK [3][-]{subsubsection.3.5.1}{CFL = 0.8}{subsection.3.5}% 33
\BOOKMARK [3][-]{subsubsection.3.5.2}{CFL = 1.0}{subsection.3.5}% 34
\BOOKMARK [3][-]{subsubsection.3.5.3}{CFL = 1.2}{subsection.3.5}% 35
\BOOKMARK [2][-]{subsection.3.6}{FTCS}{section.3}% 36
\BOOKMARK [3][-]{subsubsection.3.6.1}{CFL = 0.8}{subsection.3.6}% 37
\BOOKMARK [3][-]{subsubsection.3.6.2}{CFL = 1.0}{subsection.3.6}% 38
\BOOKMARK [3][-]{subsubsection.3.6.3}{CFL = 1.2}{subsection.3.6}% 39
\BOOKMARK [1][-]{section.4}{Question 3}{}% 40
\BOOKMARK [2][-]{subsection.4.1}{Test case 1}{section.4}% 41
\BOOKMARK [2][-]{subsection.4.2}{Test case 2}{section.4}% 42
\BOOKMARK [2][-]{subsection.4.3}{Test Case 3:}{section.4}% 43
\BOOKMARK [1][-]{section.5}{Conclusion}{}% 44
